<?xml version="1.0" encoding="UTF-8"?>
<!-- Generated by org.testng.reporters.JUnitReportReporter -->
<testsuite hostname="SDRCDSK025" name="grid_hub_node.Hub_node" tests="1" failures="0" timestamp="20 Jan 2018 06:37:28 GMT" time="26.600" errors="0">
  <testcase name="master" time="26.600" classname="grid_hub_node.Hub_node"/>
</testsuite> <!-- grid_hub_node.Hub_node -->
