<?xml version="1.0" encoding="UTF-8"?>
<!-- Generated by org.testng.reporters.JUnitReportReporter -->
<testsuite hostname="SDRCDSK025" name="grid_hub_node.Grid_Demo_parallel" tests="6" failures="0" timestamp="20 Jan 2018 12:05:18 GMT" time="133.980" errors="0">
  <testcase name="selenium_check" time="17.809" classname="grid_hub_node.Grid_Demo_parallel"/>
  <testcase name="selenium_check" time="23.869" classname="grid_hub_node.Grid_Demo_parallel"/>
  <testcase name="selenium_check" time="21.870" classname="grid_hub_node.Grid_Demo_parallel"/>
  <testcase name="selenium_check" time="16.043" classname="grid_hub_node.Grid_Demo_parallel"/>
  <testcase name="selenium_check" time="21.014" classname="grid_hub_node.Grid_Demo_parallel"/>
  <testcase name="selenium_check" time="33.375" classname="grid_hub_node.Grid_Demo_parallel"/>
</testsuite> <!-- grid_hub_node.Grid_Demo_parallel -->
